mode: set
github.com/go-park-mail-ru/2020_2_Jigglypuf/internal/pkg/middleware/cookie/delivery/cookieChecker.go:12.57,16.2 1 1
github.com/go-park-mail-ru/2020_2_Jigglypuf/internal/pkg/middleware/cookie/delivery/cookieChecker.go:18.69,20.16 2 1
github.com/go-park-mail-ru/2020_2_Jigglypuf/internal/pkg/middleware/cookie/delivery/cookieChecker.go:24.2,24.43 1 1
github.com/go-park-mail-ru/2020_2_Jigglypuf/internal/pkg/middleware/cookie/delivery/cookieChecker.go:20.16,22.3 1 1
github.com/go-park-mail-ru/2020_2_Jigglypuf/internal/pkg/hallservice/delivery/Delivery.go:15.65,19.2 1 1
github.com/go-park-mail-ru/2020_2_Jigglypuf/internal/pkg/hallservice/delivery/Delivery.go:31.81,32.32 1 1
github.com/go-park-mail-ru/2020_2_Jigglypuf/internal/pkg/hallservice/delivery/Delivery.go:36.2,40.18 4 1
github.com/go-park-mail-ru/2020_2_Jigglypuf/internal/pkg/hallservice/delivery/Delivery.go:45.2,46.20 2 1
github.com/go-park-mail-ru/2020_2_Jigglypuf/internal/pkg/hallservice/delivery/Delivery.go:51.2,53.27 2 1
github.com/go-park-mail-ru/2020_2_Jigglypuf/internal/pkg/hallservice/delivery/Delivery.go:32.32,35.3 2 1
github.com/go-park-mail-ru/2020_2_Jigglypuf/internal/pkg/hallservice/delivery/Delivery.go:40.18,43.3 2 1
github.com/go-park-mail-ru/2020_2_Jigglypuf/internal/pkg/hallservice/delivery/Delivery.go:46.20,49.3 2 1
github.com/go-park-mail-ru/2020_2_Jigglypuf/internal/pkg/authentication/delivery/authDelivery.go:17.66,21.2 1 1
github.com/go-park-mail-ru/2020_2_Jigglypuf/internal/pkg/authentication/delivery/authDelivery.go:33.101,36.33 2 1
github.com/go-park-mail-ru/2020_2_Jigglypuf/internal/pkg/authentication/delivery/authDelivery.go:41.2,46.29 5 1
github.com/go-park-mail-ru/2020_2_Jigglypuf/internal/pkg/authentication/delivery/authDelivery.go:51.2,52.16 2 1
github.com/go-park-mail-ru/2020_2_Jigglypuf/internal/pkg/authentication/delivery/authDelivery.go:56.2,56.27 1 1
github.com/go-park-mail-ru/2020_2_Jigglypuf/internal/pkg/authentication/delivery/authDelivery.go:36.33,39.3 2 1
github.com/go-park-mail-ru/2020_2_Jigglypuf/internal/pkg/authentication/delivery/authDelivery.go:46.29,49.3 2 1
github.com/go-park-mail-ru/2020_2_Jigglypuf/internal/pkg/authentication/delivery/authDelivery.go:52.16,55.3 2 1
github.com/go-park-mail-ru/2020_2_Jigglypuf/internal/pkg/authentication/delivery/authDelivery.go:69.105,72.33 2 1
github.com/go-park-mail-ru/2020_2_Jigglypuf/internal/pkg/authentication/delivery/authDelivery.go:78.2,84.29 5 1
github.com/go-park-mail-ru/2020_2_Jigglypuf/internal/pkg/authentication/delivery/authDelivery.go:89.2,90.16 2 1
github.com/go-park-mail-ru/2020_2_Jigglypuf/internal/pkg/authentication/delivery/authDelivery.go:95.2,95.27 1 1
github.com/go-park-mail-ru/2020_2_Jigglypuf/internal/pkg/authentication/delivery/authDelivery.go:72.33,76.3 3 1
github.com/go-park-mail-ru/2020_2_Jigglypuf/internal/pkg/authentication/delivery/authDelivery.go:84.29,87.3 2 1
github.com/go-park-mail-ru/2020_2_Jigglypuf/internal/pkg/authentication/delivery/authDelivery.go:90.16,93.3 2 1
github.com/go-park-mail-ru/2020_2_Jigglypuf/internal/pkg/authentication/delivery/authDelivery.go:106.104,107.33 1 1
github.com/go-park-mail-ru/2020_2_Jigglypuf/internal/pkg/authentication/delivery/authDelivery.go:111.2,112.37 2 1
github.com/go-park-mail-ru/2020_2_Jigglypuf/internal/pkg/authentication/delivery/authDelivery.go:117.2,119.25 3 1
github.com/go-park-mail-ru/2020_2_Jigglypuf/internal/pkg/authentication/delivery/authDelivery.go:124.2,124.34 1 1
github.com/go-park-mail-ru/2020_2_Jigglypuf/internal/pkg/authentication/delivery/authDelivery.go:107.33,110.3 2 1
github.com/go-park-mail-ru/2020_2_Jigglypuf/internal/pkg/authentication/delivery/authDelivery.go:112.37,115.3 2 1
github.com/go-park-mail-ru/2020_2_Jigglypuf/internal/pkg/authentication/delivery/authDelivery.go:119.25,122.3 2 1
github.com/go-park-mail-ru/2020_2_Jigglypuf/internal/pkg/middleware/cookie/usecase/usecase.go:13.68,17.2 1 1
github.com/go-park-mail-ru/2020_2_Jigglypuf/internal/pkg/middleware/cookie/usecase/usecase.go:19.78,21.22 2 1
github.com/go-park-mail-ru/2020_2_Jigglypuf/internal/pkg/middleware/cookie/usecase/usecase.go:27.2,27.17 1 1
github.com/go-park-mail-ru/2020_2_Jigglypuf/internal/pkg/middleware/cookie/usecase/usecase.go:21.22,22.45 1 1
github.com/go-park-mail-ru/2020_2_Jigglypuf/internal/pkg/middleware/cookie/usecase/usecase.go:25.3,25.28 1 1
github.com/go-park-mail-ru/2020_2_Jigglypuf/internal/pkg/middleware/cookie/usecase/usecase.go:22.45,24.4 1 1
github.com/go-park-mail-ru/2020_2_Jigglypuf/internal/pkg/cinemaservice/delivery/CinemaDelivery.go:16.69,20.2 1 1
github.com/go-park-mail-ru/2020_2_Jigglypuf/internal/pkg/cinemaservice/delivery/CinemaDelivery.go:31.101,36.32 3 1
github.com/go-park-mail-ru/2020_2_Jigglypuf/internal/pkg/cinemaservice/delivery/CinemaDelivery.go:41.2,43.38 3 1
github.com/go-park-mail-ru/2020_2_Jigglypuf/internal/pkg/cinemaservice/delivery/CinemaDelivery.go:48.2,50.27 2 1
github.com/go-park-mail-ru/2020_2_Jigglypuf/internal/pkg/cinemaservice/delivery/CinemaDelivery.go:55.2,57.26 3 1
github.com/go-park-mail-ru/2020_2_Jigglypuf/internal/pkg/cinemaservice/delivery/CinemaDelivery.go:36.32,39.3 2 1
github.com/go-park-mail-ru/2020_2_Jigglypuf/internal/pkg/cinemaservice/delivery/CinemaDelivery.go:43.38,46.3 2 1
github.com/go-park-mail-ru/2020_2_Jigglypuf/internal/pkg/cinemaservice/delivery/CinemaDelivery.go:50.27,53.3 2 1
github.com/go-park-mail-ru/2020_2_Jigglypuf/internal/pkg/cinemaservice/delivery/CinemaDelivery.go:70.105,75.32 3 1
github.com/go-park-mail-ru/2020_2_Jigglypuf/internal/pkg/cinemaservice/delivery/CinemaDelivery.go:80.2,82.39 3 1
github.com/go-park-mail-ru/2020_2_Jigglypuf/internal/pkg/cinemaservice/delivery/CinemaDelivery.go:86.2,89.39 3 1
github.com/go-park-mail-ru/2020_2_Jigglypuf/internal/pkg/cinemaservice/delivery/CinemaDelivery.go:93.2,95.27 2 1
github.com/go-park-mail-ru/2020_2_Jigglypuf/internal/pkg/cinemaservice/delivery/CinemaDelivery.go:100.2,102.26 3 1
github.com/go-park-mail-ru/2020_2_Jigglypuf/internal/pkg/cinemaservice/delivery/CinemaDelivery.go:75.32,78.3 2 1
github.com/go-park-mail-ru/2020_2_Jigglypuf/internal/pkg/cinemaservice/delivery/CinemaDelivery.go:82.39,85.3 2 1
github.com/go-park-mail-ru/2020_2_Jigglypuf/internal/pkg/cinemaservice/delivery/CinemaDelivery.go:89.39,92.3 2 1
github.com/go-park-mail-ru/2020_2_Jigglypuf/internal/pkg/cinemaservice/delivery/CinemaDelivery.go:95.27,98.3 2 1
github.com/go-park-mail-ru/2020_2_Jigglypuf/internal/pkg/middleware/cors/cors_middleware.go:8.59,14.2 5 1
github.com/go-park-mail-ru/2020_2_Jigglypuf/internal/pkg/middleware/cors/cors_middleware.go:16.53,17.71 1 1
github.com/go-park-mail-ru/2020_2_Jigglypuf/internal/pkg/middleware/cors/cors_middleware.go:17.71,19.37 2 1
github.com/go-park-mail-ru/2020_2_Jigglypuf/internal/pkg/middleware/cors/cors_middleware.go:23.3,23.23 1 1
github.com/go-park-mail-ru/2020_2_Jigglypuf/internal/pkg/middleware/cors/cors_middleware.go:19.37,21.4 1 1
github.com/go-park-mail-ru/2020_2_Jigglypuf/internal/pkg/middleware/csrf/csrf_middleware.go:27.84,32.2 1 1
github.com/go-park-mail-ru/2020_2_Jigglypuf/internal/pkg/middleware/csrf/csrf_middleware.go:34.82,35.31 1 1
github.com/go-park-mail-ru/2020_2_Jigglypuf/internal/pkg/middleware/csrf/csrf_middleware.go:39.2,41.53 3 1
github.com/go-park-mail-ru/2020_2_Jigglypuf/internal/pkg/middleware/csrf/csrf_middleware.go:46.2,57.27 8 1
github.com/go-park-mail-ru/2020_2_Jigglypuf/internal/pkg/middleware/csrf/csrf_middleware.go:35.31,38.3 2 1
github.com/go-park-mail-ru/2020_2_Jigglypuf/internal/pkg/middleware/csrf/csrf_middleware.go:41.53,44.3 2 1
github.com/go-park-mail-ru/2020_2_Jigglypuf/internal/pkg/middleware/csrf/csrf_middleware.go:60.71,61.70 1 1
github.com/go-park-mail-ru/2020_2_Jigglypuf/internal/pkg/middleware/csrf/csrf_middleware.go:61.70,62.96 1 1
github.com/go-park-mail-ru/2020_2_Jigglypuf/internal/pkg/middleware/csrf/csrf_middleware.go:67.3,69.54 3 1
github.com/go-park-mail-ru/2020_2_Jigglypuf/internal/pkg/middleware/csrf/csrf_middleware.go:73.3,74.79 2 1
github.com/go-park-mail-ru/2020_2_Jigglypuf/internal/pkg/middleware/csrf/csrf_middleware.go:78.3,78.38 1 1
github.com/go-park-mail-ru/2020_2_Jigglypuf/internal/pkg/middleware/csrf/csrf_middleware.go:62.96,65.4 2 1
github.com/go-park-mail-ru/2020_2_Jigglypuf/internal/pkg/middleware/csrf/csrf_middleware.go:69.54,72.4 2 1
github.com/go-park-mail-ru/2020_2_Jigglypuf/internal/pkg/middleware/csrf/csrf_middleware.go:74.79,77.4 2 1
github.com/go-park-mail-ru/2020_2_Jigglypuf/internal/pkg/middleware/csrf/csrf_middleware.go:83.73,85.25 2 1
github.com/go-park-mail-ru/2020_2_Jigglypuf/internal/pkg/middleware/csrf/csrf_middleware.go:90.2,91.19 2 1
github.com/go-park-mail-ru/2020_2_Jigglypuf/internal/pkg/middleware/csrf/csrf_middleware.go:96.2,96.37 1 1
github.com/go-park-mail-ru/2020_2_Jigglypuf/internal/pkg/middleware/csrf/csrf_middleware.go:101.2,107.21 6 1
github.com/go-park-mail-ru/2020_2_Jigglypuf/internal/pkg/middleware/csrf/csrf_middleware.go:111.2,112.43 2 1
github.com/go-park-mail-ru/2020_2_Jigglypuf/internal/pkg/middleware/csrf/csrf_middleware.go:85.25,88.3 2 1
github.com/go-park-mail-ru/2020_2_Jigglypuf/internal/pkg/middleware/csrf/csrf_middleware.go:91.19,94.3 2 1
github.com/go-park-mail-ru/2020_2_Jigglypuf/internal/pkg/middleware/csrf/csrf_middleware.go:96.37,99.3 2 1
github.com/go-park-mail-ru/2020_2_Jigglypuf/internal/pkg/middleware/csrf/csrf_middleware.go:107.21,110.3 2 1
github.com/go-park-mail-ru/2020_2_Jigglypuf/internal/pkg/middleware/cookie/middleware/cookieMiddleware.go:10.94,11.71 1 1
github.com/go-park-mail-ru/2020_2_Jigglypuf/internal/pkg/middleware/cookie/middleware/cookieMiddleware.go:11.71,15.10 4 1
github.com/go-park-mail-ru/2020_2_Jigglypuf/internal/pkg/middleware/cookie/middleware/cookieMiddleware.go:18.3,21.40 3 1
github.com/go-park-mail-ru/2020_2_Jigglypuf/internal/pkg/middleware/cookie/middleware/cookieMiddleware.go:15.10,17.4 1 1
github.com/go-park-mail-ru/2020_2_Jigglypuf/internal/pkg/movieservice/delivery/movieDelivery.go:17.63,20.39 3 1
github.com/go-park-mail-ru/2020_2_Jigglypuf/internal/pkg/movieservice/delivery/movieDelivery.go:23.2,25.39 3 1
github.com/go-park-mail-ru/2020_2_Jigglypuf/internal/pkg/movieservice/delivery/movieDelivery.go:28.2,28.25 1 1
github.com/go-park-mail-ru/2020_2_Jigglypuf/internal/pkg/movieservice/delivery/movieDelivery.go:20.39,22.3 1 1
github.com/go-park-mail-ru/2020_2_Jigglypuf/internal/pkg/movieservice/delivery/movieDelivery.go:25.39,27.3 1 1
github.com/go-park-mail-ru/2020_2_Jigglypuf/internal/pkg/movieservice/delivery/movieDelivery.go:31.71,35.2 1 1
github.com/go-park-mail-ru/2020_2_Jigglypuf/internal/pkg/movieservice/delivery/movieDelivery.go:47.77,48.32 1 1
github.com/go-park-mail-ru/2020_2_Jigglypuf/internal/pkg/movieservice/delivery/movieDelivery.go:52.2,55.21 3 1
github.com/go-park-mail-ru/2020_2_Jigglypuf/internal/pkg/movieservice/delivery/movieDelivery.go:60.2,62.16 2 1
github.com/go-park-mail-ru/2020_2_Jigglypuf/internal/pkg/movieservice/delivery/movieDelivery.go:67.2,69.16 3 1
github.com/go-park-mail-ru/2020_2_Jigglypuf/internal/pkg/movieservice/delivery/movieDelivery.go:74.2,74.26 1 1
github.com/go-park-mail-ru/2020_2_Jigglypuf/internal/pkg/movieservice/delivery/movieDelivery.go:48.32,51.3 2 1
github.com/go-park-mail-ru/2020_2_Jigglypuf/internal/pkg/movieservice/delivery/movieDelivery.go:55.21,58.3 2 1
github.com/go-park-mail-ru/2020_2_Jigglypuf/internal/pkg/movieservice/delivery/movieDelivery.go:62.16,65.3 2 0
github.com/go-park-mail-ru/2020_2_Jigglypuf/internal/pkg/movieservice/delivery/movieDelivery.go:69.16,72.3 2 0
github.com/go-park-mail-ru/2020_2_Jigglypuf/internal/pkg/movieservice/delivery/movieDelivery.go:86.73,87.32 1 1
github.com/go-park-mail-ru/2020_2_Jigglypuf/internal/pkg/movieservice/delivery/movieDelivery.go:91.2,96.38 5 1
github.com/go-park-mail-ru/2020_2_Jigglypuf/internal/pkg/movieservice/delivery/movieDelivery.go:100.2,102.37 3 1
github.com/go-park-mail-ru/2020_2_Jigglypuf/internal/pkg/movieservice/delivery/movieDelivery.go:107.2,109.16 2 1
github.com/go-park-mail-ru/2020_2_Jigglypuf/internal/pkg/movieservice/delivery/movieDelivery.go:114.2,117.26 3 1
github.com/go-park-mail-ru/2020_2_Jigglypuf/internal/pkg/movieservice/delivery/movieDelivery.go:87.32,90.3 2 1
github.com/go-park-mail-ru/2020_2_Jigglypuf/internal/pkg/movieservice/delivery/movieDelivery.go:96.38,99.3 2 0
github.com/go-park-mail-ru/2020_2_Jigglypuf/internal/pkg/movieservice/delivery/movieDelivery.go:102.37,105.3 2 1
github.com/go-park-mail-ru/2020_2_Jigglypuf/internal/pkg/movieservice/delivery/movieDelivery.go:109.16,112.3 2 0
github.com/go-park-mail-ru/2020_2_Jigglypuf/internal/pkg/movieservice/delivery/movieDelivery.go:131.74,134.33 2 1
github.com/go-park-mail-ru/2020_2_Jigglypuf/internal/pkg/movieservice/delivery/movieDelivery.go:139.2,143.54 4 1
github.com/go-park-mail-ru/2020_2_Jigglypuf/internal/pkg/movieservice/delivery/movieDelivery.go:148.2,151.29 4 1
github.com/go-park-mail-ru/2020_2_Jigglypuf/internal/pkg/movieservice/delivery/movieDelivery.go:156.2,157.20 2 1
github.com/go-park-mail-ru/2020_2_Jigglypuf/internal/pkg/movieservice/delivery/movieDelivery.go:134.33,137.3 2 1
github.com/go-park-mail-ru/2020_2_Jigglypuf/internal/pkg/movieservice/delivery/movieDelivery.go:143.54,146.3 2 1
github.com/go-park-mail-ru/2020_2_Jigglypuf/internal/pkg/movieservice/delivery/movieDelivery.go:151.29,154.3 2 0
github.com/go-park-mail-ru/2020_2_Jigglypuf/internal/pkg/movieservice/delivery/movieDelivery.go:157.20,160.3 2 0
github.com/go-park-mail-ru/2020_2_Jigglypuf/internal/pkg/movieservice/delivery/movieDelivery.go:174.82,175.32 1 1
github.com/go-park-mail-ru/2020_2_Jigglypuf/internal/pkg/movieservice/delivery/movieDelivery.go:179.2,182.21 3 1
github.com/go-park-mail-ru/2020_2_Jigglypuf/internal/pkg/movieservice/delivery/movieDelivery.go:187.2,188.21 2 1
github.com/go-park-mail-ru/2020_2_Jigglypuf/internal/pkg/movieservice/delivery/movieDelivery.go:193.2,196.26 3 1
github.com/go-park-mail-ru/2020_2_Jigglypuf/internal/pkg/movieservice/delivery/movieDelivery.go:175.32,178.3 2 1
github.com/go-park-mail-ru/2020_2_Jigglypuf/internal/pkg/movieservice/delivery/movieDelivery.go:182.21,185.3 2 1
github.com/go-park-mail-ru/2020_2_Jigglypuf/internal/pkg/movieservice/delivery/movieDelivery.go:188.21,191.3 2 0
