mode: set
backend/internal/pkg/authentication/delivery/authDelivery.go:17.66,21.2 1 1
backend/internal/pkg/authentication/delivery/authDelivery.go:33.101,36.33 2 1
backend/internal/pkg/authentication/delivery/authDelivery.go:41.2,46.29 5 1
backend/internal/pkg/authentication/delivery/authDelivery.go:51.2,52.16 2 1
backend/internal/pkg/authentication/delivery/authDelivery.go:56.2,56.27 1 1
backend/internal/pkg/authentication/delivery/authDelivery.go:36.33,39.3 2 1
backend/internal/pkg/authentication/delivery/authDelivery.go:46.29,49.3 2 1
backend/internal/pkg/authentication/delivery/authDelivery.go:52.16,55.3 2 1
backend/internal/pkg/authentication/delivery/authDelivery.go:69.105,72.33 2 1
backend/internal/pkg/authentication/delivery/authDelivery.go:78.2,84.29 5 1
backend/internal/pkg/authentication/delivery/authDelivery.go:89.2,90.16 2 1
backend/internal/pkg/authentication/delivery/authDelivery.go:95.2,95.27 1 1
backend/internal/pkg/authentication/delivery/authDelivery.go:72.33,76.3 3 1
backend/internal/pkg/authentication/delivery/authDelivery.go:84.29,87.3 2 1
backend/internal/pkg/authentication/delivery/authDelivery.go:90.16,93.3 2 1
backend/internal/pkg/authentication/delivery/authDelivery.go:106.104,107.33 1 1
backend/internal/pkg/authentication/delivery/authDelivery.go:111.2,112.37 2 1
backend/internal/pkg/authentication/delivery/authDelivery.go:117.2,119.25 3 1
backend/internal/pkg/authentication/delivery/authDelivery.go:124.2,124.34 1 1
backend/internal/pkg/authentication/delivery/authDelivery.go:107.33,110.3 2 1
backend/internal/pkg/authentication/delivery/authDelivery.go:112.37,115.3 2 1
backend/internal/pkg/authentication/delivery/authDelivery.go:119.25,122.3 2 1
backend/internal/pkg/cinemaservice/delivery/CinemaDelivery.go:16.69,20.2 1 1
backend/internal/pkg/cinemaservice/delivery/CinemaDelivery.go:31.101,36.32 3 1
backend/internal/pkg/cinemaservice/delivery/CinemaDelivery.go:41.2,43.38 3 1
backend/internal/pkg/cinemaservice/delivery/CinemaDelivery.go:48.2,50.27 2 1
backend/internal/pkg/cinemaservice/delivery/CinemaDelivery.go:55.2,57.26 3 1
backend/internal/pkg/cinemaservice/delivery/CinemaDelivery.go:36.32,39.3 2 1
backend/internal/pkg/cinemaservice/delivery/CinemaDelivery.go:43.38,46.3 2 1
backend/internal/pkg/cinemaservice/delivery/CinemaDelivery.go:50.27,53.3 2 1
backend/internal/pkg/cinemaservice/delivery/CinemaDelivery.go:70.105,75.32 3 1
backend/internal/pkg/cinemaservice/delivery/CinemaDelivery.go:80.2,82.39 3 1
backend/internal/pkg/cinemaservice/delivery/CinemaDelivery.go:86.2,89.39 3 1
backend/internal/pkg/cinemaservice/delivery/CinemaDelivery.go:93.2,95.27 2 1
backend/internal/pkg/cinemaservice/delivery/CinemaDelivery.go:100.2,102.26 3 1
backend/internal/pkg/cinemaservice/delivery/CinemaDelivery.go:75.32,78.3 2 1
backend/internal/pkg/cinemaservice/delivery/CinemaDelivery.go:82.39,85.3 2 1
backend/internal/pkg/cinemaservice/delivery/CinemaDelivery.go:89.39,92.3 2 1
backend/internal/pkg/cinemaservice/delivery/CinemaDelivery.go:95.27,98.3 2 1
