mode: atomic
backend/internal/pkg/middleware/cookie/mock/CookieRep_mock.go:26.65,30.2 3 15
backend/internal/pkg/middleware/cookie/mock/CookieRep_mock.go:33.63,35.2 1 6
backend/internal/pkg/middleware/cookie/mock/CookieRep_mock.go:38.83,44.2 5 0
backend/internal/pkg/middleware/cookie/mock/CookieRep_mock.go:47.80,50.2 2 0
backend/internal/pkg/middleware/cookie/mock/CookieRep_mock.go:53.78,58.2 4 4
backend/internal/pkg/middleware/cookie/mock/CookieRep_mock.go:61.90,64.2 2 4
backend/internal/pkg/middleware/cookie/mock/CookieRep_mock.go:67.66,72.2 4 2
backend/internal/pkg/middleware/cookie/mock/CookieRep_mock.go:75.85,78.2 2 2
backend/internal/pkg/models/ServerResponse.go:10.48,12.2 1 0
backend/internal/pkg/models/ServerResponse.go:19.61,27.2 3 12
backend/internal/pkg/models/ServerResponse.go:29.52,37.2 3 3
backend/internal/pkg/models/ServerResponse.go:39.55,46.2 3 2
backend/internal/pkg/models/ServerResponse.go:47.56,54.2 3 0
backend/internal/pkg/models/randString.go:12.36,14.19 2 6
backend/internal/pkg/models/randString.go:18.2,18.18 1 6
backend/internal/pkg/models/randString.go:14.19,17.3 2 192
backend/internal/pkg/authentication/usecase/AuthUseCase.go:27.153,36.2 1 15
backend/internal/pkg/authentication/usecase/AuthUseCase.go:38.63,41.2 2 5
backend/internal/pkg/authentication/usecase/AuthUseCase.go:43.63,46.2 2 3
backend/internal/pkg/authentication/usecase/AuthUseCase.go:48.37,58.2 1 4
backend/internal/pkg/authentication/usecase/AuthUseCase.go:60.62,62.2 1 11
backend/internal/pkg/authentication/usecase/AuthUseCase.go:64.85,66.90 1 6
backend/internal/pkg/authentication/usecase/AuthUseCase.go:69.2,71.26 3 6
backend/internal/pkg/authentication/usecase/AuthUseCase.go:75.2,76.9 2 5
backend/internal/pkg/authentication/usecase/AuthUseCase.go:79.2,84.16 3 5
backend/internal/pkg/authentication/usecase/AuthUseCase.go:88.2,94.23 7 3
backend/internal/pkg/authentication/usecase/AuthUseCase.go:99.2,101.22 3 2
backend/internal/pkg/authentication/usecase/AuthUseCase.go:104.2,104.26 1 1
backend/internal/pkg/authentication/usecase/AuthUseCase.go:66.90,68.3 1 0
backend/internal/pkg/authentication/usecase/AuthUseCase.go:71.26,73.3 1 1
backend/internal/pkg/authentication/usecase/AuthUseCase.go:76.9,78.3 1 0
backend/internal/pkg/authentication/usecase/AuthUseCase.go:84.16,86.3 1 2
backend/internal/pkg/authentication/usecase/AuthUseCase.go:94.23,96.3 1 1
backend/internal/pkg/authentication/usecase/AuthUseCase.go:101.22,103.3 1 1
backend/internal/pkg/authentication/usecase/AuthUseCase.go:107.77,108.47 1 6
backend/internal/pkg/authentication/usecase/AuthUseCase.go:111.2,113.26 3 5
backend/internal/pkg/authentication/usecase/AuthUseCase.go:117.2,118.16 2 4
backend/internal/pkg/authentication/usecase/AuthUseCase.go:122.2,123.13 2 3
backend/internal/pkg/authentication/usecase/AuthUseCase.go:127.2,129.22 3 2
backend/internal/pkg/authentication/usecase/AuthUseCase.go:133.2,134.26 2 1
backend/internal/pkg/authentication/usecase/AuthUseCase.go:108.47,110.3 1 1
backend/internal/pkg/authentication/usecase/AuthUseCase.go:113.26,115.3 1 1
backend/internal/pkg/authentication/usecase/AuthUseCase.go:118.16,120.3 1 1
backend/internal/pkg/authentication/usecase/AuthUseCase.go:123.13,125.3 1 1
backend/internal/pkg/authentication/usecase/AuthUseCase.go:129.22,131.3 1 1
backend/internal/pkg/authentication/usecase/AuthUseCase.go:137.74,142.2 4 2
backend/internal/pkg/profile/mock/ProfileRep_mock.go:25.65,29.2 3 15
backend/internal/pkg/profile/mock/ProfileRep_mock.go:32.63,34.2 1 3
backend/internal/pkg/profile/mock/ProfileRep_mock.go:37.71,42.2 4 3
backend/internal/pkg/profile/mock/ProfileRep_mock.go:45.87,48.2 2 3
backend/internal/pkg/profile/mock/ProfileRep_mock.go:51.71,56.2 4 0
backend/internal/pkg/profile/mock/ProfileRep_mock.go:59.87,62.2 2 0
backend/internal/pkg/profile/mock/ProfileRep_mock.go:65.77,71.2 5 0
backend/internal/pkg/profile/mock/ProfileRep_mock.go:74.82,77.2 2 0
backend/internal/pkg/profile/mock/ProfileRep_mock.go:80.75,85.2 4 0
backend/internal/pkg/profile/mock/ProfileRep_mock.go:88.91,91.2 2 0
backend/internal/pkg/profile/mock/ProfileRep_mock.go:94.105,99.2 4 0
backend/internal/pkg/profile/mock/ProfileRep_mock.go:102.114,105.2 2 0
backend/internal/pkg/profile/mock/ProfileRep_mock.go:108.82,114.2 5 0
backend/internal/pkg/profile/mock/ProfileRep_mock.go:117.88,120.2 2 0
backend/internal/pkg/utils/sanitizer.go:5.66,6.30 1 11
backend/internal/pkg/utils/sanitizer.go:6.30,8.3 1 34
backend/internal/pkg/authentication/delivery/authDelivery.go:17.66,21.2 1 15
backend/internal/pkg/authentication/delivery/authDelivery.go:33.101,36.33 2 8
backend/internal/pkg/authentication/delivery/authDelivery.go:41.2,46.29 5 7
backend/internal/pkg/authentication/delivery/authDelivery.go:51.2,52.16 2 6
backend/internal/pkg/authentication/delivery/authDelivery.go:56.2,56.27 1 1
backend/internal/pkg/authentication/delivery/authDelivery.go:36.33,39.3 2 1
backend/internal/pkg/authentication/delivery/authDelivery.go:46.29,49.3 2 1
backend/internal/pkg/authentication/delivery/authDelivery.go:52.16,55.3 2 5
backend/internal/pkg/authentication/delivery/authDelivery.go:69.105,72.33 2 8
backend/internal/pkg/authentication/delivery/authDelivery.go:78.2,84.29 5 7
backend/internal/pkg/authentication/delivery/authDelivery.go:89.2,90.16 2 6
backend/internal/pkg/authentication/delivery/authDelivery.go:95.2,95.27 1 1
backend/internal/pkg/authentication/delivery/authDelivery.go:72.33,76.3 3 1
backend/internal/pkg/authentication/delivery/authDelivery.go:84.29,87.3 2 1
backend/internal/pkg/authentication/delivery/authDelivery.go:90.16,93.3 2 5
backend/internal/pkg/authentication/delivery/authDelivery.go:106.104,107.33 1 4
backend/internal/pkg/authentication/delivery/authDelivery.go:111.2,112.37 2 3
backend/internal/pkg/authentication/delivery/authDelivery.go:117.2,119.25 3 2
backend/internal/pkg/authentication/delivery/authDelivery.go:124.2,124.34 1 1
backend/internal/pkg/authentication/delivery/authDelivery.go:107.33,110.3 2 1
backend/internal/pkg/authentication/delivery/authDelivery.go:112.37,115.3 2 1
backend/internal/pkg/authentication/delivery/authDelivery.go:119.25,122.3 2 1
backend/internal/pkg/authentication/repository/AuthSQLRepository.go:13.66,18.2 2 15
backend/internal/pkg/authentication/repository/AuthSQLRepository.go:20.65,21.21 1 5
backend/internal/pkg/authentication/repository/AuthSQLRepository.go:24.2,25.20 2 5
backend/internal/pkg/authentication/repository/AuthSQLRepository.go:29.2,29.12 1 3
backend/internal/pkg/authentication/repository/AuthSQLRepository.go:21.21,23.3 1 0
backend/internal/pkg/authentication/repository/AuthSQLRepository.go:25.20,28.3 2 2
backend/internal/pkg/authentication/repository/AuthSQLRepository.go:32.73,33.21 1 4
backend/internal/pkg/authentication/repository/AuthSQLRepository.go:37.2,40.20 4 4
backend/internal/pkg/authentication/repository/AuthSQLRepository.go:45.2,46.22 2 3
backend/internal/pkg/authentication/repository/AuthSQLRepository.go:51.2,51.26 1 3
backend/internal/pkg/authentication/repository/AuthSQLRepository.go:33.21,35.3 1 0
backend/internal/pkg/authentication/repository/AuthSQLRepository.go:40.20,43.3 2 1
backend/internal/pkg/authentication/repository/AuthSQLRepository.go:46.22,49.3 2 0
backend/internal/pkg/authentication/repository/AuthSQLRepository.go:54.78,55.21 1 0
backend/internal/pkg/authentication/repository/AuthSQLRepository.go:59.2,63.20 4 0
backend/internal/pkg/authentication/repository/AuthSQLRepository.go:68.2,69.22 2 0
backend/internal/pkg/authentication/repository/AuthSQLRepository.go:74.2,74.26 1 0
backend/internal/pkg/authentication/repository/AuthSQLRepository.go:55.21,57.3 1 0
backend/internal/pkg/authentication/repository/AuthSQLRepository.go:63.20,66.3 2 0
backend/internal/pkg/authentication/repository/AuthSQLRepository.go:69.22,72.3 2 0
backend/internal/pkg/middleware/cookie/mock/cookieUC_mock.go:25.59,29.2 3 0
backend/internal/pkg/middleware/cookie/mock/cookieUC_mock.go:32.57,34.2 1 0
backend/internal/pkg/middleware/cookie/mock/cookieUC_mock.go:37.76,43.2 5 0
backend/internal/pkg/middleware/cookie/mock/cookieUC_mock.go:46.86,49.2 2 0
backend/internal/pkg/profile/mock/ProfileUC_mock.go:25.59,29.2 3 0
backend/internal/pkg/profile/mock/ProfileUC_mock.go:32.57,34.2 1 0
backend/internal/pkg/profile/mock/ProfileUC_mock.go:37.68,42.2 4 0
backend/internal/pkg/profile/mock/ProfileUC_mock.go:45.84,48.2 2 0
backend/internal/pkg/profile/mock/ProfileUC_mock.go:51.68,56.2 4 0
backend/internal/pkg/profile/mock/ProfileUC_mock.go:59.84,62.2 2 0
backend/internal/pkg/profile/mock/ProfileUC_mock.go:65.74,71.2 5 0
backend/internal/pkg/profile/mock/ProfileUC_mock.go:74.79,77.2 2 0
backend/internal/pkg/profile/mock/ProfileUC_mock.go:80.72,85.2 4 0
backend/internal/pkg/profile/mock/ProfileUC_mock.go:88.88,91.2 2 0
backend/internal/pkg/profile/mock/ProfileUC_mock.go:94.99,99.2 4 0
backend/internal/pkg/profile/mock/ProfileUC_mock.go:102.117,105.2 2 0
backend/internal/pkg/profile/mock/ProfileUC_mock.go:108.79,114.2 5 0
backend/internal/pkg/profile/mock/ProfileUC_mock.go:117.85,120.2 2 0
