mode: set
github.com/go-park-mail-ru/2020_2_Jigglypuf/internal/pkg/cinemaservice/delivery/CinemaDelivery.go:16.69,20.2 1 1
github.com/go-park-mail-ru/2020_2_Jigglypuf/internal/pkg/cinemaservice/delivery/CinemaDelivery.go:31.101,36.32 3 1
github.com/go-park-mail-ru/2020_2_Jigglypuf/internal/pkg/cinemaservice/delivery/CinemaDelivery.go:41.2,43.38 3 1
github.com/go-park-mail-ru/2020_2_Jigglypuf/internal/pkg/cinemaservice/delivery/CinemaDelivery.go:48.2,50.27 2 1
github.com/go-park-mail-ru/2020_2_Jigglypuf/internal/pkg/cinemaservice/delivery/CinemaDelivery.go:55.2,57.26 3 1
github.com/go-park-mail-ru/2020_2_Jigglypuf/internal/pkg/cinemaservice/delivery/CinemaDelivery.go:36.32,39.3 2 1
github.com/go-park-mail-ru/2020_2_Jigglypuf/internal/pkg/cinemaservice/delivery/CinemaDelivery.go:43.38,46.3 2 1
github.com/go-park-mail-ru/2020_2_Jigglypuf/internal/pkg/cinemaservice/delivery/CinemaDelivery.go:50.27,53.3 2 1
github.com/go-park-mail-ru/2020_2_Jigglypuf/internal/pkg/cinemaservice/delivery/CinemaDelivery.go:70.105,75.32 3 1
github.com/go-park-mail-ru/2020_2_Jigglypuf/internal/pkg/cinemaservice/delivery/CinemaDelivery.go:80.2,82.39 3 1
github.com/go-park-mail-ru/2020_2_Jigglypuf/internal/pkg/cinemaservice/delivery/CinemaDelivery.go:86.2,89.39 3 1
github.com/go-park-mail-ru/2020_2_Jigglypuf/internal/pkg/cinemaservice/delivery/CinemaDelivery.go:93.2,95.27 2 1
github.com/go-park-mail-ru/2020_2_Jigglypuf/internal/pkg/cinemaservice/delivery/CinemaDelivery.go:100.2,102.26 3 1
github.com/go-park-mail-ru/2020_2_Jigglypuf/internal/pkg/cinemaservice/delivery/CinemaDelivery.go:75.32,78.3 2 1
github.com/go-park-mail-ru/2020_2_Jigglypuf/internal/pkg/cinemaservice/delivery/CinemaDelivery.go:82.39,85.3 2 1
github.com/go-park-mail-ru/2020_2_Jigglypuf/internal/pkg/cinemaservice/delivery/CinemaDelivery.go:89.39,92.3 2 1
github.com/go-park-mail-ru/2020_2_Jigglypuf/internal/pkg/cinemaservice/delivery/CinemaDelivery.go:95.27,98.3 2 1
github.com/go-park-mail-ru/2020_2_Jigglypuf/internal/pkg/hallservice/delivery/Delivery.go:15.65,19.2 1 1
github.com/go-park-mail-ru/2020_2_Jigglypuf/internal/pkg/hallservice/delivery/Delivery.go:31.81,32.32 1 1
github.com/go-park-mail-ru/2020_2_Jigglypuf/internal/pkg/hallservice/delivery/Delivery.go:36.2,40.18 4 1
github.com/go-park-mail-ru/2020_2_Jigglypuf/internal/pkg/hallservice/delivery/Delivery.go:45.2,46.20 2 1
github.com/go-park-mail-ru/2020_2_Jigglypuf/internal/pkg/hallservice/delivery/Delivery.go:51.2,53.27 2 1
github.com/go-park-mail-ru/2020_2_Jigglypuf/internal/pkg/hallservice/delivery/Delivery.go:32.32,35.3 2 1
github.com/go-park-mail-ru/2020_2_Jigglypuf/internal/pkg/hallservice/delivery/Delivery.go:40.18,43.3 2 1
github.com/go-park-mail-ru/2020_2_Jigglypuf/internal/pkg/hallservice/delivery/Delivery.go:46.20,49.3 2 1
github.com/go-park-mail-ru/2020_2_Jigglypuf/internal/pkg/middleware/cookie/delivery/cookieChecker.go:12.57,16.2 1 1
github.com/go-park-mail-ru/2020_2_Jigglypuf/internal/pkg/middleware/cookie/delivery/cookieChecker.go:18.69,20.16 2 1
github.com/go-park-mail-ru/2020_2_Jigglypuf/internal/pkg/middleware/cookie/delivery/cookieChecker.go:24.2,24.43 1 1
github.com/go-park-mail-ru/2020_2_Jigglypuf/internal/pkg/middleware/cookie/delivery/cookieChecker.go:20.16,22.3 1 1
github.com/go-park-mail-ru/2020_2_Jigglypuf/internal/pkg/authentication/delivery/authDelivery.go:17.66,21.2 1 1
github.com/go-park-mail-ru/2020_2_Jigglypuf/internal/pkg/authentication/delivery/authDelivery.go:33.101,36.33 2 1
github.com/go-park-mail-ru/2020_2_Jigglypuf/internal/pkg/authentication/delivery/authDelivery.go:41.2,46.29 5 1
github.com/go-park-mail-ru/2020_2_Jigglypuf/internal/pkg/authentication/delivery/authDelivery.go:51.2,52.16 2 1
github.com/go-park-mail-ru/2020_2_Jigglypuf/internal/pkg/authentication/delivery/authDelivery.go:56.2,56.27 1 1
github.com/go-park-mail-ru/2020_2_Jigglypuf/internal/pkg/authentication/delivery/authDelivery.go:36.33,39.3 2 1
github.com/go-park-mail-ru/2020_2_Jigglypuf/internal/pkg/authentication/delivery/authDelivery.go:46.29,49.3 2 1
github.com/go-park-mail-ru/2020_2_Jigglypuf/internal/pkg/authentication/delivery/authDelivery.go:52.16,55.3 2 1
github.com/go-park-mail-ru/2020_2_Jigglypuf/internal/pkg/authentication/delivery/authDelivery.go:69.105,72.33 2 1
github.com/go-park-mail-ru/2020_2_Jigglypuf/internal/pkg/authentication/delivery/authDelivery.go:78.2,84.29 5 1
github.com/go-park-mail-ru/2020_2_Jigglypuf/internal/pkg/authentication/delivery/authDelivery.go:89.2,90.16 2 1
github.com/go-park-mail-ru/2020_2_Jigglypuf/internal/pkg/authentication/delivery/authDelivery.go:95.2,95.27 1 1
github.com/go-park-mail-ru/2020_2_Jigglypuf/internal/pkg/authentication/delivery/authDelivery.go:72.33,76.3 3 1
github.com/go-park-mail-ru/2020_2_Jigglypuf/internal/pkg/authentication/delivery/authDelivery.go:84.29,87.3 2 1
github.com/go-park-mail-ru/2020_2_Jigglypuf/internal/pkg/authentication/delivery/authDelivery.go:90.16,93.3 2 1
github.com/go-park-mail-ru/2020_2_Jigglypuf/internal/pkg/authentication/delivery/authDelivery.go:106.104,107.33 1 1
github.com/go-park-mail-ru/2020_2_Jigglypuf/internal/pkg/authentication/delivery/authDelivery.go:111.2,112.37 2 1
github.com/go-park-mail-ru/2020_2_Jigglypuf/internal/pkg/authentication/delivery/authDelivery.go:117.2,119.25 3 1
github.com/go-park-mail-ru/2020_2_Jigglypuf/internal/pkg/authentication/delivery/authDelivery.go:124.2,124.34 1 1
github.com/go-park-mail-ru/2020_2_Jigglypuf/internal/pkg/authentication/delivery/authDelivery.go:107.33,110.3 2 1
github.com/go-park-mail-ru/2020_2_Jigglypuf/internal/pkg/authentication/delivery/authDelivery.go:112.37,115.3 2 1
github.com/go-park-mail-ru/2020_2_Jigglypuf/internal/pkg/authentication/delivery/authDelivery.go:119.25,122.3 2 1
github.com/go-park-mail-ru/2020_2_Jigglypuf/internal/pkg/middleware/cookie/middleware/cookieMiddleware.go:10.94,11.71 1 1
github.com/go-park-mail-ru/2020_2_Jigglypuf/internal/pkg/middleware/cookie/middleware/cookieMiddleware.go:11.71,15.10 4 1
github.com/go-park-mail-ru/2020_2_Jigglypuf/internal/pkg/middleware/cookie/middleware/cookieMiddleware.go:18.3,21.40 3 1
github.com/go-park-mail-ru/2020_2_Jigglypuf/internal/pkg/middleware/cookie/middleware/cookieMiddleware.go:15.10,17.4 1 1
github.com/go-park-mail-ru/2020_2_Jigglypuf/internal/pkg/middleware/cookie/usecase/usecase.go:13.68,17.2 1 1
github.com/go-park-mail-ru/2020_2_Jigglypuf/internal/pkg/middleware/cookie/usecase/usecase.go:19.78,21.22 2 1
github.com/go-park-mail-ru/2020_2_Jigglypuf/internal/pkg/middleware/cookie/usecase/usecase.go:27.2,27.17 1 1
github.com/go-park-mail-ru/2020_2_Jigglypuf/internal/pkg/middleware/cookie/usecase/usecase.go:21.22,22.45 1 1
github.com/go-park-mail-ru/2020_2_Jigglypuf/internal/pkg/middleware/cookie/usecase/usecase.go:25.3,25.28 1 1
github.com/go-park-mail-ru/2020_2_Jigglypuf/internal/pkg/middleware/cookie/usecase/usecase.go:22.45,24.4 1 1
github.com/go-park-mail-ru/2020_2_Jigglypuf/internal/pkg/middleware/cors/cors_middleware.go:8.59,14.2 5 1
github.com/go-park-mail-ru/2020_2_Jigglypuf/internal/pkg/middleware/cors/cors_middleware.go:16.53,17.71 1 1
github.com/go-park-mail-ru/2020_2_Jigglypuf/internal/pkg/middleware/cors/cors_middleware.go:17.71,19.37 2 1
github.com/go-park-mail-ru/2020_2_Jigglypuf/internal/pkg/middleware/cors/cors_middleware.go:23.3,23.23 1 1
github.com/go-park-mail-ru/2020_2_Jigglypuf/internal/pkg/middleware/cors/cors_middleware.go:19.37,21.4 1 1
github.com/go-park-mail-ru/2020_2_Jigglypuf/internal/pkg/movieservice/delivery/movieDelivery.go:17.63,20.39 3 1
github.com/go-park-mail-ru/2020_2_Jigglypuf/internal/pkg/movieservice/delivery/movieDelivery.go:23.2,25.39 3 1
github.com/go-park-mail-ru/2020_2_Jigglypuf/internal/pkg/movieservice/delivery/movieDelivery.go:28.2,28.25 1 1
github.com/go-park-mail-ru/2020_2_Jigglypuf/internal/pkg/movieservice/delivery/movieDelivery.go:20.39,22.3 1 1
github.com/go-park-mail-ru/2020_2_Jigglypuf/internal/pkg/movieservice/delivery/movieDelivery.go:25.39,27.3 1 1
github.com/go-park-mail-ru/2020_2_Jigglypuf/internal/pkg/movieservice/delivery/movieDelivery.go:31.71,35.2 1 1
github.com/go-park-mail-ru/2020_2_Jigglypuf/internal/pkg/movieservice/delivery/movieDelivery.go:47.77,48.32 1 1
github.com/go-park-mail-ru/2020_2_Jigglypuf/internal/pkg/movieservice/delivery/movieDelivery.go:52.2,55.21 3 1
github.com/go-park-mail-ru/2020_2_Jigglypuf/internal/pkg/movieservice/delivery/movieDelivery.go:60.2,62.16 2 1
github.com/go-park-mail-ru/2020_2_Jigglypuf/internal/pkg/movieservice/delivery/movieDelivery.go:67.2,69.16 3 1
github.com/go-park-mail-ru/2020_2_Jigglypuf/internal/pkg/movieservice/delivery/movieDelivery.go:74.2,74.26 1 1
github.com/go-park-mail-ru/2020_2_Jigglypuf/internal/pkg/movieservice/delivery/movieDelivery.go:48.32,51.3 2 1
github.com/go-park-mail-ru/2020_2_Jigglypuf/internal/pkg/movieservice/delivery/movieDelivery.go:55.21,58.3 2 1
github.com/go-park-mail-ru/2020_2_Jigglypuf/internal/pkg/movieservice/delivery/movieDelivery.go:62.16,65.3 2 0
github.com/go-park-mail-ru/2020_2_Jigglypuf/internal/pkg/movieservice/delivery/movieDelivery.go:69.16,72.3 2 0
github.com/go-park-mail-ru/2020_2_Jigglypuf/internal/pkg/movieservice/delivery/movieDelivery.go:86.73,87.32 1 1
github.com/go-park-mail-ru/2020_2_Jigglypuf/internal/pkg/movieservice/delivery/movieDelivery.go:91.2,96.38 5 1
github.com/go-park-mail-ru/2020_2_Jigglypuf/internal/pkg/movieservice/delivery/movieDelivery.go:100.2,102.37 3 1
github.com/go-park-mail-ru/2020_2_Jigglypuf/internal/pkg/movieservice/delivery/movieDelivery.go:107.2,109.16 2 1
github.com/go-park-mail-ru/2020_2_Jigglypuf/internal/pkg/movieservice/delivery/movieDelivery.go:114.2,117.26 3 1
github.com/go-park-mail-ru/2020_2_Jigglypuf/internal/pkg/movieservice/delivery/movieDelivery.go:87.32,90.3 2 1
github.com/go-park-mail-ru/2020_2_Jigglypuf/internal/pkg/movieservice/delivery/movieDelivery.go:96.38,99.3 2 0
github.com/go-park-mail-ru/2020_2_Jigglypuf/internal/pkg/movieservice/delivery/movieDelivery.go:102.37,105.3 2 1
github.com/go-park-mail-ru/2020_2_Jigglypuf/internal/pkg/movieservice/delivery/movieDelivery.go:109.16,112.3 2 0
github.com/go-park-mail-ru/2020_2_Jigglypuf/internal/pkg/movieservice/delivery/movieDelivery.go:131.74,134.33 2 1
github.com/go-park-mail-ru/2020_2_Jigglypuf/internal/pkg/movieservice/delivery/movieDelivery.go:139.2,143.54 4 1
github.com/go-park-mail-ru/2020_2_Jigglypuf/internal/pkg/movieservice/delivery/movieDelivery.go:148.2,151.29 4 1
github.com/go-park-mail-ru/2020_2_Jigglypuf/internal/pkg/movieservice/delivery/movieDelivery.go:156.2,157.20 2 1
github.com/go-park-mail-ru/2020_2_Jigglypuf/internal/pkg/movieservice/delivery/movieDelivery.go:134.33,137.3 2 1
github.com/go-park-mail-ru/2020_2_Jigglypuf/internal/pkg/movieservice/delivery/movieDelivery.go:143.54,146.3 2 1
github.com/go-park-mail-ru/2020_2_Jigglypuf/internal/pkg/movieservice/delivery/movieDelivery.go:151.29,154.3 2 0
github.com/go-park-mail-ru/2020_2_Jigglypuf/internal/pkg/movieservice/delivery/movieDelivery.go:157.20,160.3 2 0
github.com/go-park-mail-ru/2020_2_Jigglypuf/internal/pkg/movieservice/delivery/movieDelivery.go:174.82,175.32 1 1
github.com/go-park-mail-ru/2020_2_Jigglypuf/internal/pkg/movieservice/delivery/movieDelivery.go:179.2,182.21 3 1
github.com/go-park-mail-ru/2020_2_Jigglypuf/internal/pkg/movieservice/delivery/movieDelivery.go:187.2,188.21 2 1
github.com/go-park-mail-ru/2020_2_Jigglypuf/internal/pkg/movieservice/delivery/movieDelivery.go:193.2,196.26 3 1
github.com/go-park-mail-ru/2020_2_Jigglypuf/internal/pkg/movieservice/delivery/movieDelivery.go:175.32,178.3 2 1
github.com/go-park-mail-ru/2020_2_Jigglypuf/internal/pkg/movieservice/delivery/movieDelivery.go:182.21,185.3 2 1
github.com/go-park-mail-ru/2020_2_Jigglypuf/internal/pkg/movieservice/delivery/movieDelivery.go:188.21,191.3 2 0
github.com/go-park-mail-ru/2020_2_Jigglypuf/internal/pkg/middleware/csrf/csrf_middleware.go:27.84,32.2 1 1
github.com/go-park-mail-ru/2020_2_Jigglypuf/internal/pkg/middleware/csrf/csrf_middleware.go:44.82,45.31 1 1
github.com/go-park-mail-ru/2020_2_Jigglypuf/internal/pkg/middleware/csrf/csrf_middleware.go:49.2,51.53 3 1
github.com/go-park-mail-ru/2020_2_Jigglypuf/internal/pkg/middleware/csrf/csrf_middleware.go:56.2,67.27 8 1
github.com/go-park-mail-ru/2020_2_Jigglypuf/internal/pkg/middleware/csrf/csrf_middleware.go:45.31,48.3 2 1
github.com/go-park-mail-ru/2020_2_Jigglypuf/internal/pkg/middleware/csrf/csrf_middleware.go:51.53,54.3 2 1
github.com/go-park-mail-ru/2020_2_Jigglypuf/internal/pkg/middleware/csrf/csrf_middleware.go:70.71,71.70 1 1
github.com/go-park-mail-ru/2020_2_Jigglypuf/internal/pkg/middleware/csrf/csrf_middleware.go:71.70,72.96 1 1
github.com/go-park-mail-ru/2020_2_Jigglypuf/internal/pkg/middleware/csrf/csrf_middleware.go:77.3,79.54 3 1
github.com/go-park-mail-ru/2020_2_Jigglypuf/internal/pkg/middleware/csrf/csrf_middleware.go:83.3,84.79 2 1
github.com/go-park-mail-ru/2020_2_Jigglypuf/internal/pkg/middleware/csrf/csrf_middleware.go:88.3,88.38 1 1
github.com/go-park-mail-ru/2020_2_Jigglypuf/internal/pkg/middleware/csrf/csrf_middleware.go:72.96,75.4 2 1
github.com/go-park-mail-ru/2020_2_Jigglypuf/internal/pkg/middleware/csrf/csrf_middleware.go:79.54,82.4 2 1
github.com/go-park-mail-ru/2020_2_Jigglypuf/internal/pkg/middleware/csrf/csrf_middleware.go:84.79,87.4 2 1
github.com/go-park-mail-ru/2020_2_Jigglypuf/internal/pkg/middleware/csrf/csrf_middleware.go:93.73,95.25 2 1
github.com/go-park-mail-ru/2020_2_Jigglypuf/internal/pkg/middleware/csrf/csrf_middleware.go:100.2,101.19 2 1
github.com/go-park-mail-ru/2020_2_Jigglypuf/internal/pkg/middleware/csrf/csrf_middleware.go:106.2,106.37 1 1
github.com/go-park-mail-ru/2020_2_Jigglypuf/internal/pkg/middleware/csrf/csrf_middleware.go:111.2,117.21 6 1
github.com/go-park-mail-ru/2020_2_Jigglypuf/internal/pkg/middleware/csrf/csrf_middleware.go:121.2,122.43 2 1
github.com/go-park-mail-ru/2020_2_Jigglypuf/internal/pkg/middleware/csrf/csrf_middleware.go:95.25,98.3 2 1
github.com/go-park-mail-ru/2020_2_Jigglypuf/internal/pkg/middleware/csrf/csrf_middleware.go:101.19,104.3 2 1
github.com/go-park-mail-ru/2020_2_Jigglypuf/internal/pkg/middleware/csrf/csrf_middleware.go:106.37,109.3 2 1
github.com/go-park-mail-ru/2020_2_Jigglypuf/internal/pkg/middleware/csrf/csrf_middleware.go:117.21,120.3 2 1
github.com/go-park-mail-ru/2020_2_Jigglypuf/internal/pkg/profile/delivery/ProfileDelivery.go:23.37,25.2 1 0
github.com/go-park-mail-ru/2020_2_Jigglypuf/internal/pkg/profile/delivery/ProfileDelivery.go:27.65,31.2 1 1
github.com/go-park-mail-ru/2020_2_Jigglypuf/internal/pkg/profile/delivery/ProfileDelivery.go:33.106,35.20 2 1
github.com/go-park-mail-ru/2020_2_Jigglypuf/internal/pkg/profile/delivery/ProfileDelivery.go:39.2,41.15 3 0
github.com/go-park-mail-ru/2020_2_Jigglypuf/internal/pkg/profile/delivery/ProfileDelivery.go:45.2,46.97 2 0
github.com/go-park-mail-ru/2020_2_Jigglypuf/internal/pkg/profile/delivery/ProfileDelivery.go:50.2,54.20 5 0
github.com/go-park-mail-ru/2020_2_Jigglypuf/internal/pkg/profile/delivery/ProfileDelivery.go:58.2,61.25 3 0
github.com/go-park-mail-ru/2020_2_Jigglypuf/internal/pkg/profile/delivery/ProfileDelivery.go:64.2,65.24 2 0
github.com/go-park-mail-ru/2020_2_Jigglypuf/internal/pkg/profile/delivery/ProfileDelivery.go:35.20,37.3 1 1
github.com/go-park-mail-ru/2020_2_Jigglypuf/internal/pkg/profile/delivery/ProfileDelivery.go:41.15,43.3 1 0
github.com/go-park-mail-ru/2020_2_Jigglypuf/internal/pkg/profile/delivery/ProfileDelivery.go:46.97,48.3 1 0
github.com/go-park-mail-ru/2020_2_Jigglypuf/internal/pkg/profile/delivery/ProfileDelivery.go:54.20,56.3 1 0
github.com/go-park-mail-ru/2020_2_Jigglypuf/internal/pkg/profile/delivery/ProfileDelivery.go:61.25,63.3 1 0
github.com/go-park-mail-ru/2020_2_Jigglypuf/internal/pkg/profile/delivery/ProfileDelivery.go:78.103,81.32 2 1
github.com/go-park-mail-ru/2020_2_Jigglypuf/internal/pkg/profile/delivery/ProfileDelivery.go:86.2,90.61 4 1
github.com/go-park-mail-ru/2020_2_Jigglypuf/internal/pkg/profile/delivery/ProfileDelivery.go:96.2,98.25 2 1
github.com/go-park-mail-ru/2020_2_Jigglypuf/internal/pkg/profile/delivery/ProfileDelivery.go:103.2,106.33 3 1
github.com/go-park-mail-ru/2020_2_Jigglypuf/internal/pkg/profile/delivery/ProfileDelivery.go:81.32,84.3 2 1
github.com/go-park-mail-ru/2020_2_Jigglypuf/internal/pkg/profile/delivery/ProfileDelivery.go:90.61,94.3 3 1
github.com/go-park-mail-ru/2020_2_Jigglypuf/internal/pkg/profile/delivery/ProfileDelivery.go:98.25,101.3 2 1
github.com/go-park-mail-ru/2020_2_Jigglypuf/internal/pkg/profile/delivery/ProfileDelivery.go:119.106,124.32 3 1
github.com/go-park-mail-ru/2020_2_Jigglypuf/internal/pkg/profile/delivery/ProfileDelivery.go:129.2,131.29 2 1
github.com/go-park-mail-ru/2020_2_Jigglypuf/internal/pkg/profile/delivery/ProfileDelivery.go:136.2,138.61 3 1
github.com/go-park-mail-ru/2020_2_Jigglypuf/internal/pkg/profile/delivery/ProfileDelivery.go:143.2,144.22 2 1
github.com/go-park-mail-ru/2020_2_Jigglypuf/internal/pkg/profile/delivery/ProfileDelivery.go:148.2,150.16 2 1
github.com/go-park-mail-ru/2020_2_Jigglypuf/internal/pkg/profile/delivery/ProfileDelivery.go:156.2,156.30 1 1
github.com/go-park-mail-ru/2020_2_Jigglypuf/internal/pkg/profile/delivery/ProfileDelivery.go:124.32,127.3 2 1
github.com/go-park-mail-ru/2020_2_Jigglypuf/internal/pkg/profile/delivery/ProfileDelivery.go:131.29,134.3 2 1
github.com/go-park-mail-ru/2020_2_Jigglypuf/internal/pkg/profile/delivery/ProfileDelivery.go:138.61,141.3 2 1
github.com/go-park-mail-ru/2020_2_Jigglypuf/internal/pkg/profile/delivery/ProfileDelivery.go:144.22,146.3 1 1
github.com/go-park-mail-ru/2020_2_Jigglypuf/internal/pkg/profile/delivery/ProfileDelivery.go:150.16,153.3 2 1
github.com/go-park-mail-ru/2020_2_Jigglypuf/internal/pkg/schedule/delivery/ScheduleDelivery.go:15.79,19.2 1 1
github.com/go-park-mail-ru/2020_2_Jigglypuf/internal/pkg/schedule/delivery/ScheduleDelivery.go:33.85,34.32 1 1
github.com/go-park-mail-ru/2020_2_Jigglypuf/internal/pkg/schedule/delivery/ScheduleDelivery.go:38.2,44.21 6 1
github.com/go-park-mail-ru/2020_2_Jigglypuf/internal/pkg/schedule/delivery/ScheduleDelivery.go:49.2,50.27 2 1
github.com/go-park-mail-ru/2020_2_Jigglypuf/internal/pkg/schedule/delivery/ScheduleDelivery.go:34.32,37.3 2 1
github.com/go-park-mail-ru/2020_2_Jigglypuf/internal/pkg/schedule/delivery/ScheduleDelivery.go:44.21,47.3 2 1
github.com/go-park-mail-ru/2020_2_Jigglypuf/internal/pkg/schedule/delivery/ScheduleDelivery.go:64.79,65.32 1 1
github.com/go-park-mail-ru/2020_2_Jigglypuf/internal/pkg/schedule/delivery/ScheduleDelivery.go:70.2,75.21 5 1
github.com/go-park-mail-ru/2020_2_Jigglypuf/internal/pkg/schedule/delivery/ScheduleDelivery.go:80.2,82.27 2 1
github.com/go-park-mail-ru/2020_2_Jigglypuf/internal/pkg/schedule/delivery/ScheduleDelivery.go:65.32,68.3 2 1
github.com/go-park-mail-ru/2020_2_Jigglypuf/internal/pkg/schedule/delivery/ScheduleDelivery.go:75.21,78.3 2 1
github.com/go-park-mail-ru/2020_2_Jigglypuf/internal/pkg/ticketservice/delivery/ticketDelivery.go:16.71,20.2 1 1
github.com/go-park-mail-ru/2020_2_Jigglypuf/internal/pkg/ticketservice/delivery/ticketDelivery.go:32.76,33.33 1 1
github.com/go-park-mail-ru/2020_2_Jigglypuf/internal/pkg/ticketservice/delivery/ticketDelivery.go:37.2,41.22 5 1
github.com/go-park-mail-ru/2020_2_Jigglypuf/internal/pkg/ticketservice/delivery/ticketDelivery.go:46.2,48.54 3 1
github.com/go-park-mail-ru/2020_2_Jigglypuf/internal/pkg/ticketservice/delivery/ticketDelivery.go:55.2,56.19 2 1
github.com/go-park-mail-ru/2020_2_Jigglypuf/internal/pkg/ticketservice/delivery/ticketDelivery.go:33.33,36.3 2 1
github.com/go-park-mail-ru/2020_2_Jigglypuf/internal/pkg/ticketservice/delivery/ticketDelivery.go:41.22,44.3 2 0
github.com/go-park-mail-ru/2020_2_Jigglypuf/internal/pkg/ticketservice/delivery/ticketDelivery.go:48.54,49.29 1 1
github.com/go-park-mail-ru/2020_2_Jigglypuf/internal/pkg/ticketservice/delivery/ticketDelivery.go:49.29,52.4 2 1
github.com/go-park-mail-ru/2020_2_Jigglypuf/internal/pkg/ticketservice/delivery/ticketDelivery.go:56.19,59.3 2 0
github.com/go-park-mail-ru/2020_2_Jigglypuf/internal/pkg/ticketservice/delivery/ticketDelivery.go:72.81,73.32 1 1
github.com/go-park-mail-ru/2020_2_Jigglypuf/internal/pkg/ticketservice/delivery/ticketDelivery.go:77.2,80.54 4 1
github.com/go-park-mail-ru/2020_2_Jigglypuf/internal/pkg/ticketservice/delivery/ticketDelivery.go:85.2,86.25 2 1
github.com/go-park-mail-ru/2020_2_Jigglypuf/internal/pkg/ticketservice/delivery/ticketDelivery.go:90.2,91.27 2 1
github.com/go-park-mail-ru/2020_2_Jigglypuf/internal/pkg/ticketservice/delivery/ticketDelivery.go:73.32,76.3 2 1
github.com/go-park-mail-ru/2020_2_Jigglypuf/internal/pkg/ticketservice/delivery/ticketDelivery.go:80.54,83.3 2 1
github.com/go-park-mail-ru/2020_2_Jigglypuf/internal/pkg/ticketservice/delivery/ticketDelivery.go:86.25,89.3 2 0
github.com/go-park-mail-ru/2020_2_Jigglypuf/internal/pkg/ticketservice/delivery/ticketDelivery.go:105.87,106.32 1 1
github.com/go-park-mail-ru/2020_2_Jigglypuf/internal/pkg/ticketservice/delivery/ticketDelivery.go:110.2,116.54 6 1
github.com/go-park-mail-ru/2020_2_Jigglypuf/internal/pkg/ticketservice/delivery/ticketDelivery.go:121.2,122.22 2 1
github.com/go-park-mail-ru/2020_2_Jigglypuf/internal/pkg/ticketservice/delivery/ticketDelivery.go:127.2,129.27 2 1
github.com/go-park-mail-ru/2020_2_Jigglypuf/internal/pkg/ticketservice/delivery/ticketDelivery.go:106.32,109.3 2 1
github.com/go-park-mail-ru/2020_2_Jigglypuf/internal/pkg/ticketservice/delivery/ticketDelivery.go:116.54,119.3 2 1
github.com/go-park-mail-ru/2020_2_Jigglypuf/internal/pkg/ticketservice/delivery/ticketDelivery.go:122.22,125.3 2 0
github.com/go-park-mail-ru/2020_2_Jigglypuf/internal/pkg/ticketservice/delivery/ticketDelivery.go:142.89,143.32 1 1
github.com/go-park-mail-ru/2020_2_Jigglypuf/internal/pkg/ticketservice/delivery/ticketDelivery.go:147.2,151.22 5 1
github.com/go-park-mail-ru/2020_2_Jigglypuf/internal/pkg/ticketservice/delivery/ticketDelivery.go:156.2,158.27 2 1
github.com/go-park-mail-ru/2020_2_Jigglypuf/internal/pkg/ticketservice/delivery/ticketDelivery.go:143.32,146.3 2 1
github.com/go-park-mail-ru/2020_2_Jigglypuf/internal/pkg/ticketservice/delivery/ticketDelivery.go:151.22,154.3 2 0
